<?xml version="1.0" encoding="UTF-8"?>
<testsuite name="com.tw.tdd.lockerRobot.LockerRobotTest" tests="1" skipped="0" failures="0" errors="0" timestamp="2020-07-05T14:05:32" hostname="CNShanshanMao" time="0.008">
  <properties/>
  <testcase name="should_pick_up_VIP_user_mSizeBag_in_mSizeLocker_success_when_LockerRobotManager_pick_up_bag_given_valid_mSizeTicket()" classname="com.tw.tdd.lockerRobot.LockerRobotTest" time="0.008"/>
  <system-out><![CDATA[]]></system-out>
  <system-err><![CDATA[]]></system-err>
</testsuite>
