<?xml version="1.0" encoding="UTF-8"?>
<testsuite name="com.tw.tdd.lockerRobot.LockerRobotTest" tests="1" skipped="0" failures="0" errors="0" timestamp="2020-07-05T13:08:02" hostname="CNShanshanMao" time="0.01">
  <properties/>
  <testcase name="should_store_VIP_user_sSizeBag_in_sSizeLocker_fail_when_LockerRobotManager_store_bag_given_sSizeLocker_is_full()" classname="com.tw.tdd.lockerRobot.LockerRobotTest" time="0.01"/>
  <system-out><![CDATA[]]></system-out>
  <system-err><![CDATA[]]></system-err>
</testsuite>
